#
# There is insufficient memory for the Java Runtime Environment to continue.
# Native memory allocation (malloc) failed to allocate 32744 bytes. Error detail: Chunk::new
# Possible reasons:
#   The system is out of physical RAM or swap space
#   This process is running with CompressedOops enabled, and the Java Heap may be blocking the growth of the native heap
# Possible solutions:
#   Reduce memory load on the system
#   Increase physical memory or swap space
#   Check if swap backing store is full
#   Decrease Java heap size (-Xmx/-Xms)
#   Decrease number of Java threads
#   Decrease Java thread stack sizes (-Xss)
#   Set larger code cache with -XX:ReservedCodeCacheSize=
#   JVM is running with Zero Based Compressed Oops mode in which the Java heap is
#     placed in the first 32GB address space. The Java Heap base address is the
#     maximum limit for the native heap growth. Please use -XX:HeapBaseMinAddress
#     to set the Java Heap base and to place the Java Heap above 32GB virtual address.
# This output file may be truncated or incomplete.
#
#  Out of Memory Error (arena.cpp:168), pid=17568, tid=2788
#
# JRE version: OpenJDK Runtime Environment (21.0.5) (build 21.0.5+-12932927-b750.29)
# Java VM: OpenJDK 64-Bit Server VM (21.0.5+-12932927-b750.29, mixed mode, tiered, compressed oops, compressed class ptrs, g1 gc, windows-amd64)
# No core dump will be written. Minidumps are not enabled by default on client versions of Windows
#

---------------  S U M M A R Y ------------

Command Line: git4idea.http.GitAskPassApp Password for 'https://YurinaQA@github.com': 

Host: 11th Gen Intel(R) Core(TM) i5-11400H @ 2.70GHz, 12 cores, 15G,  Windows 11 , 64 bit Build 22621 (10.0.22621.5262)
Time: Wed Jun 25 03:56:15 2025  Windows 11 , 64 bit Build 22621 (10.0.22621.5262) elapsed time: 0.429966 seconds (0d 0h 0m 0s)

---------------  T H R E A D  ---------------

Current thread (0x000002213b09e2d0):  JavaThread "C1 CompilerThread0" daemon [_thread_in_native, id=2788, stack(0x000000476c200000,0x000000476c300000) (1024K)]


Current CompileTask:
C1:429 1176       3       java.nio.MappedByteBuffer::limit (6 bytes)

Stack: [0x000000476c200000,0x000000476c300000]
Native frames: (J=compiled Java code, j=interpreted, Vv=VM code, C=native code)
V  [jvm.dll+0x6cfb29]
V  [jvm.dll+0x85ded3]
V  [jvm.dll+0x86042e]
V  [jvm.dll+0x860b13]
V  [jvm.dll+0x27e6b6]
V  [jvm.dll+0xbff6d]
V  [jvm.dll+0xc04a3]
V  [jvm.dll+0x196cf3]
V  [jvm.dll+0x1968a4]
V  [jvm.dll+0x1968a4]
V  [jvm.dll+0x195524]
V  [jvm.dll+0x1957fa]
V  [jvm.dll+0x197f52]
V  [jvm.dll+0x150403]
V  [jvm.dll+0x14fca8]
V  [jvm.dll+0x14fee6]
V  [jvm.dll+0x14f25f]
V  [jvm.dll+0x151081]
V  [jvm.dll+0x25697c]
V  [jvm.dll+0x254ec6]
V  [jvm.dll+0x3f0ce6]
V  [jvm.dll+0x806368]
V  [jvm.dll+0x6ce3fd]
C  [ucrtbase.dll+0x29333]
C  [KERNEL32.DLL+0x1259d]
C  [ntdll.dll+0x5af58]


---------------  P R O C E S S  ---------------

Threads class SMR info:
_java_thread_list=0x000002213b8c8550, length=15, elements={
0x000002211cbaf550, 0x000002213b0b6ce0, 0x000002213b0b7af0, 0x000002213b0c2c40,
0x000002213b0b90a0, 0x000002213b0d39b0, 0x000002213b0d4400, 0x000002213b0d5180,
0x000002213b09e2d0, 0x000002213b264490, 0x000002213b26d330, 0x000002213b630250,
0x000002213b878160, 0x000002213b8d0040, 0x000002213b8f4490
}

Java Threads: ( => current thread )
  0x000002211cbaf550 JavaThread "main"                              [_thread_blocked, id=8256, stack(0x000000476b300000,0x000000476b400000) (1024K)]
  0x000002213b0b6ce0 JavaThread "Reference Handler"          daemon [_thread_blocked, id=20432, stack(0x000000476bb00000,0x000000476bc00000) (1024K)]
  0x000002213b0b7af0 JavaThread "Finalizer"                  daemon [_thread_blocked, id=11320, stack(0x000000476bc00000,0x000000476bd00000) (1024K)]
  0x000002213b0c2c40 JavaThread "Signal Dispatcher"          daemon [_thread_blocked, id=20784, stack(0x000000476bd00000,0x000000476be00000) (1024K)]
  0x000002213b0b90a0 JavaThread "Attach Listener"            daemon [_thread_blocked, id=7776, stack(0x000000476be00000,0x000000476bf00000) (1024K)]
  0x000002213b0d39b0 JavaThread "Service Thread"             daemon [_thread_blocked, id=18724, stack(0x000000476bf00000,0x000000476c000000) (1024K)]
  0x000002213b0d4400 JavaThread "Monitor Deflation Thread"   daemon [_thread_blocked, id=19116, stack(0x000000476c000000,0x000000476c100000) (1024K)]
  0x000002213b0d5180 JavaThread "C2 CompilerThread0"         daemon [_thread_in_native, id=20352, stack(0x000000476c100000,0x000000476c200000) (1024K)]
=>0x000002213b09e2d0 JavaThread "C1 CompilerThread0"         daemon [_thread_in_native, id=2788, stack(0x000000476c200000,0x000000476c300000) (1024K)]
  0x000002213b264490 JavaThread "Notification Thread"        daemon [_thread_blocked, id=20344, stack(0x000000476c300000,0x000000476c400000) (1024K)]
  0x000002213b26d330 JavaThread "Common-Cleaner"             daemon [_thread_blocked, id=17236, stack(0x000000476c400000,0x000000476c500000) (1024K)]
  0x000002213b630250 JavaThread "C2 CompilerThread1"         daemon [_thread_blocked, id=19308, stack(0x000000476c500000,0x000000476c600000) (1024K)]
  0x000002213b878160 JavaThread "HttpClient-1-SelectorManager" daemon [_thread_in_native, id=12076, stack(0x000000476c600000,0x000000476c700000) (1024K)]
  0x000002213b8d0040 JavaThread "HttpClient-1-Worker-0"      daemon [_thread_blocked, id=3160, stack(0x000000476c800000,0x000000476c900000) (1024K)]
  0x000002213b8f4490 JavaThread "HttpClient-1-Worker-1"      daemon [_thread_blocked, id=6816, stack(0x000000476c900000,0x000000476ca00000) (1024K)]
Total: 15

Other Threads:
  0x000002213b048bd0 VMThread "VM Thread"                           [id=8932, stack(0x000000476ba00000,0x000000476bb00000) (1024K)]
  0x00000221368b1af0 WatcherThread "VM Periodic Task Thread"        [id=15292, stack(0x000000476b900000,0x000000476ba00000) (1024K)]
  0x000002211cc0d980 WorkerThread "GC Thread#0"                     [id=12936, stack(0x000000476b400000,0x000000476b500000) (1024K)]
  0x000002211cc1e560 ConcurrentGCThread "G1 Main Marker"            [id=8108, stack(0x000000476b500000,0x000000476b600000) (1024K)]
  0x000002211cc1f060 WorkerThread "G1 Conc#0"                       [id=15520, stack(0x000000476b600000,0x000000476b700000) (1024K)]
  0x0000022136782450 ConcurrentGCThread "G1 Refine#0"               [id=11608, stack(0x000000476b700000,0x000000476b800000) (1024K)]
  0x0000022136784c80 ConcurrentGCThread "G1 Service"                [id=21076, stack(0x000000476b800000,0x000000476b900000) (1024K)]
Total: 7

Threads with active compile tasks:
C2 CompilerThread0  449 1077       4       sun.security.ec.ECOperations::setDouble (463 bytes)
C1 CompilerThread0  449 1176       3       java.nio.MappedByteBuffer::limit (6 bytes)
Total: 2

VM state: not at safepoint (normal execution)

VM Mutex/Monitor currently owned by a thread: None

Heap address: 0x0000000704000000, size: 4032 MB, Compressed Oops mode: Zero based, Oop shift amount: 3

CDS archive(s) not mapped
Compressed class space mapped at: 0x0000000800000000-0x0000000840000000, reserved size: 1073741824
Narrow klass base: 0x0000000800000000, Narrow klass shift: 0, Narrow klass range: 0x40000000

GC Precious Log:
 CardTable entry size: 512
 Card Set container configuration: InlinePtr #cards 4 size 8 Array Of Cards #cards 16 size 48 Howl #buckets 8 coarsen threshold 3686 Howl Bitmap #cards 512 size 80 coarsen threshold 460 Card regions per heap region 1 cards per card region 4096
 CPUs: 12 total, 12 available
 Memory: 16122M
 Large Page Support: Disabled
 NUMA Support: Disabled
 Compressed Oops: Enabled (Zero based)
 Heap Region Size: 2M
 Heap Min Capacity: 8M
 Heap Initial Capacity: 252M
 Heap Max Capacity: 4032M
 Pre-touch: Disabled
 Parallel Workers: 10
 Concurrent Workers: 3
 Concurrent Refinement Workers: 10
 Periodic GC: Disabled

Heap:
 garbage-first heap   total 258048K, used 16384K [0x0000000704000000, 0x0000000800000000)
  region size 2048K, 9 young (18432K), 0 survivors (0K)
 Metaspace       used 17194K, committed 17408K, reserved 1114112K
  class space    used 1841K, committed 1920K, reserved 1048576K

Heap Regions: E=young(eden), S=young(survivor), O=old, HS=humongous(starts), HC=humongous(continues), CS=collection set, F=free, TAMS=top-at-mark-start, PB=parsable bottom
|   0|0x0000000704000000, 0x0000000704000000, 0x0000000704200000|  0%| F|  |TAMS 0x0000000704000000| PB 0x0000000704000000| Untracked 
|   1|0x0000000704200000, 0x0000000704200000, 0x0000000704400000|  0%| F|  |TAMS 0x0000000704200000| PB 0x0000000704200000| Untracked 
|   2|0x0000000704400000, 0x0000000704400000, 0x0000000704600000|  0%| F|  |TAMS 0x0000000704400000| PB 0x0000000704400000| Untracked 
|   3|0x0000000704600000, 0x0000000704600000, 0x0000000704800000|  0%| F|  |TAMS 0x0000000704600000| PB 0x0000000704600000| Untracked 
|   4|0x0000000704800000, 0x0000000704800000, 0x0000000704a00000|  0%| F|  |TAMS 0x0000000704800000| PB 0x0000000704800000| Untracked 
|   5|0x0000000704a00000, 0x0000000704a00000, 0x0000000704c00000|  0%| F|  |TAMS 0x0000000704a00000| PB 0x0000000704a00000| Untracked 
|   6|0x0000000704c00000, 0x0000000704c00000, 0x0000000704e00000|  0%| F|  |TAMS 0x0000000704c00000| PB 0x0000000704c00000| Untracked 
|   7|0x0000000704e00000, 0x0000000704e00000, 0x0000000705000000|  0%| F|  |TAMS 0x0000000704e00000| PB 0x0000000704e00000| Untracked 
|   8|0x0000000705000000, 0x0000000705000000, 0x0000000705200000|  0%| F|  |TAMS 0x0000000705000000| PB 0x0000000705000000| Untracked 
|   9|0x0000000705200000, 0x0000000705200000, 0x0000000705400000|  0%| F|  |TAMS 0x0000000705200000| PB 0x0000000705200000| Untracked 
|  10|0x0000000705400000, 0x0000000705400000, 0x0000000705600000|  0%| F|  |TAMS 0x0000000705400000| PB 0x0000000705400000| Untracked 
|  11|0x0000000705600000, 0x0000000705600000, 0x0000000705800000|  0%| F|  |TAMS 0x0000000705600000| PB 0x0000000705600000| Untracked 
|  12|0x0000000705800000, 0x0000000705800000, 0x0000000705a00000|  0%| F|  |TAMS 0x0000000705800000| PB 0x0000000705800000| Untracked 
|  13|0x0000000705a00000, 0x0000000705a00000, 0x0000000705c00000|  0%| F|  |TAMS 0x0000000705a00000| PB 0x0000000705a00000| Untracked 
|  14|0x0000000705c00000, 0x0000000705c00000, 0x0000000705e00000|  0%| F|  |TAMS 0x0000000705c00000| PB 0x0000000705c00000| Untracked 
|  15|0x0000000705e00000, 0x0000000705e00000, 0x0000000706000000|  0%| F|  |TAMS 0x0000000705e00000| PB 0x0000000705e00000| Untracked 
|  16|0x0000000706000000, 0x0000000706000000, 0x0000000706200000|  0%| F|  |TAMS 0x0000000706000000| PB 0x0000000706000000| Untracked 
|  17|0x0000000706200000, 0x0000000706200000, 0x0000000706400000|  0%| F|  |TAMS 0x0000000706200000| PB 0x0000000706200000| Untracked 
|  18|0x0000000706400000, 0x0000000706400000, 0x0000000706600000|  0%| F|  |TAMS 0x0000000706400000| PB 0x0000000706400000| Untracked 
|  19|0x0000000706600000, 0x0000000706600000, 0x0000000706800000|  0%| F|  |TAMS 0x0000000706600000| PB 0x0000000706600000| Untracked 
|  20|0x0000000706800000, 0x0000000706800000, 0x0000000706a00000|  0%| F|  |TAMS 0x0000000706800000| PB 0x0000000706800000| Untracked 
|  21|0x0000000706a00000, 0x0000000706a00000, 0x0000000706c00000|  0%| F|  |TAMS 0x0000000706a00000| PB 0x0000000706a00000| Untracked 
|  22|0x0000000706c00000, 0x0000000706c00000, 0x0000000706e00000|  0%| F|  |TAMS 0x0000000706c00000| PB 0x0000000706c00000| Untracked 
|  23|0x0000000706e00000, 0x0000000706e00000, 0x0000000707000000|  0%| F|  |TAMS 0x0000000706e00000| PB 0x0000000706e00000| Untracked 
|  24|0x0000000707000000, 0x0000000707000000, 0x0000000707200000|  0%| F|  |TAMS 0x0000000707000000| PB 0x0000000707000000| Untracked 
|  25|0x0000000707200000, 0x0000000707200000, 0x0000000707400000|  0%| F|  |TAMS 0x0000000707200000| PB 0x0000000707200000| Untracked 
|  26|0x0000000707400000, 0x0000000707400000, 0x0000000707600000|  0%| F|  |TAMS 0x0000000707400000| PB 0x0000000707400000| Untracked 
|  27|0x0000000707600000, 0x0000000707600000, 0x0000000707800000|  0%| F|  |TAMS 0x0000000707600000| PB 0x0000000707600000| Untracked 
|  28|0x0000000707800000, 0x0000000707800000, 0x0000000707a00000|  0%| F|  |TAMS 0x0000000707800000| PB 0x0000000707800000| Untracked 
|  29|0x0000000707a00000, 0x0000000707a00000, 0x0000000707c00000|  0%| F|  |TAMS 0x0000000707a00000| PB 0x0000000707a00000| Untracked 
|  30|0x0000000707c00000, 0x0000000707c00000, 0x0000000707e00000|  0%| F|  |TAMS 0x0000000707c00000| PB 0x0000000707c00000| Untracked 
|  31|0x0000000707e00000, 0x0000000707e00000, 0x0000000708000000|  0%| F|  |TAMS 0x0000000707e00000| PB 0x0000000707e00000| Untracked 
|  32|0x0000000708000000, 0x0000000708000000, 0x0000000708200000|  0%| F|  |TAMS 0x0000000708000000| PB 0x0000000708000000| Untracked 
|  33|0x0000000708200000, 0x0000000708200000, 0x0000000708400000|  0%| F|  |TAMS 0x0000000708200000| PB 0x0000000708200000| Untracked 
|  34|0x0000000708400000, 0x0000000708400000, 0x0000000708600000|  0%| F|  |TAMS 0x0000000708400000| PB 0x0000000708400000| Untracked 
|  35|0x0000000708600000, 0x0000000708600000, 0x0000000708800000|  0%| F|  |TAMS 0x0000000708600000| PB 0x0000000708600000| Untracked 
|  36|0x0000000708800000, 0x0000000708800000, 0x0000000708a00000|  0%| F|  |TAMS 0x0000000708800000| PB 0x0000000708800000| Untracked 
|  37|0x0000000708a00000, 0x0000000708a00000, 0x0000000708c00000|  0%| F|  |TAMS 0x0000000708a00000| PB 0x0000000708a00000| Untracked 
|  38|0x0000000708c00000, 0x0000000708c00000, 0x0000000708e00000|  0%| F|  |TAMS 0x0000000708c00000| PB 0x0000000708c00000| Untracked 
|  39|0x0000000708e00000, 0x0000000708e00000, 0x0000000709000000|  0%| F|  |TAMS 0x0000000708e00000| PB 0x0000000708e00000| Untracked 
|  40|0x0000000709000000, 0x0000000709000000, 0x0000000709200000|  0%| F|  |TAMS 0x0000000709000000| PB 0x0000000709000000| Untracked 
|  41|0x0000000709200000, 0x0000000709200000, 0x0000000709400000|  0%| F|  |TAMS 0x0000000709200000| PB 0x0000000709200000| Untracked 
|  42|0x0000000709400000, 0x0000000709400000, 0x0000000709600000|  0%| F|  |TAMS 0x0000000709400000| PB 0x0000000709400000| Untracked 
|  43|0x0000000709600000, 0x0000000709600000, 0x0000000709800000|  0%| F|  |TAMS 0x0000000709600000| PB 0x0000000709600000| Untracked 
|  44|0x0000000709800000, 0x0000000709800000, 0x0000000709a00000|  0%| F|  |TAMS 0x0000000709800000| PB 0x0000000709800000| Untracked 
|  45|0x0000000709a00000, 0x0000000709a00000, 0x0000000709c00000|  0%| F|  |TAMS 0x0000000709a00000| PB 0x0000000709a00000| Untracked 
|  46|0x0000000709c00000, 0x0000000709c00000, 0x0000000709e00000|  0%| F|  |TAMS 0x0000000709c00000| PB 0x0000000709c00000| Untracked 
|  47|0x0000000709e00000, 0x0000000709e00000, 0x000000070a000000|  0%| F|  |TAMS 0x0000000709e00000| PB 0x0000000709e00000| Untracked 
|  48|0x000000070a000000, 0x000000070a000000, 0x000000070a200000|  0%| F|  |TAMS 0x000000070a000000| PB 0x000000070a000000| Untracked 
|  49|0x000000070a200000, 0x000000070a200000, 0x000000070a400000|  0%| F|  |TAMS 0x000000070a200000| PB 0x000000070a200000| Untracked 
|  50|0x000000070a400000, 0x000000070a400000, 0x000000070a600000|  0%| F|  |TAMS 0x000000070a400000| PB 0x000000070a400000| Untracked 
|  51|0x000000070a600000, 0x000000070a600000, 0x000000070a800000|  0%| F|  |TAMS 0x000000070a600000| PB 0x000000070a600000| Untracked 
|  52|0x000000070a800000, 0x000000070a800000, 0x000000070aa00000|  0%| F|  |TAMS 0x000000070a800000| PB 0x000000070a800000| Untracked 
|  53|0x000000070aa00000, 0x000000070aa00000, 0x000000070ac00000|  0%| F|  |TAMS 0x000000070aa00000| PB 0x000000070aa00000| Untracked 
|  54|0x000000070ac00000, 0x000000070ac00000, 0x000000070ae00000|  0%| F|  |TAMS 0x000000070ac00000| PB 0x000000070ac00000| Untracked 
|  55|0x000000070ae00000, 0x000000070ae00000, 0x000000070b000000|  0%| F|  |TAMS 0x000000070ae00000| PB 0x000000070ae00000| Untracked 
|  56|0x000000070b000000, 0x000000070b000000, 0x000000070b200000|  0%| F|  |TAMS 0x000000070b000000| PB 0x000000070b000000| Untracked 
|  57|0x000000070b200000, 0x000000070b200000, 0x000000070b400000|  0%| F|  |TAMS 0x000000070b200000| PB 0x000000070b200000| Untracked 
|  58|0x000000070b400000, 0x000000070b400000, 0x000000070b600000|  0%| F|  |TAMS 0x000000070b400000| PB 0x000000070b400000| Untracked 
|  59|0x000000070b600000, 0x000000070b600000, 0x000000070b800000|  0%| F|  |TAMS 0x000000070b600000| PB 0x000000070b600000| Untracked 
|  60|0x000000070b800000, 0x000000070b800000, 0x000000070ba00000|  0%| F|  |TAMS 0x000000070b800000| PB 0x000000070b800000| Untracked 
|  61|0x000000070ba00000, 0x000000070ba00000, 0x000000070bc00000|  0%| F|  |TAMS 0x000000070ba00000| PB 0x000000070ba00000| Untracked 
|  62|0x000000070bc00000, 0x000000070bc00000, 0x000000070be00000|  0%| F|  |TAMS 0x000000070bc00000| PB 0x000000070bc00000| Untracked 
|  63|0x000000070be00000, 0x000000070be00000, 0x000000070c000000|  0%| F|  |TAMS 0x000000070be00000| PB 0x000000070be00000| Untracked 
|  64|0x000000070c000000, 0x000000070c000000, 0x000000070c200000|  0%| F|  |TAMS 0x000000070c000000| PB 0x000000070c000000| Untracked 
|  65|0x000000070c200000, 0x000000070c200000, 0x000000070c400000|  0%| F|  |TAMS 0x000000070c200000| PB 0x000000070c200000| Untracked 
|  66|0x000000070c400000, 0x000000070c400000, 0x000000070c600000|  0%| F|  |TAMS 0x000000070c400000| PB 0x000000070c400000| Untracked 
|  67|0x000000070c600000, 0x000000070c600000, 0x000000070c800000|  0%| F|  |TAMS 0x000000070c600000| PB 0x000000070c600000| Untracked 
|  68|0x000000070c800000, 0x000000070c800000, 0x000000070ca00000|  0%| F|  |TAMS 0x000000070c800000| PB 0x000000070c800000| Untracked 
|  69|0x000000070ca00000, 0x000000070ca00000, 0x000000070cc00000|  0%| F|  |TAMS 0x000000070ca00000| PB 0x000000070ca00000| Untracked 
|  70|0x000000070cc00000, 0x000000070cc00000, 0x000000070ce00000|  0%| F|  |TAMS 0x000000070cc00000| PB 0x000000070cc00000| Untracked 
|  71|0x000000070ce00000, 0x000000070ce00000, 0x000000070d000000|  0%| F|  |TAMS 0x000000070ce00000| PB 0x000000070ce00000| Untracked 
|  72|0x000000070d000000, 0x000000070d000000, 0x000000070d200000|  0%| F|  |TAMS 0x000000070d000000| PB 0x000000070d000000| Untracked 
|  73|0x000000070d200000, 0x000000070d200000, 0x000000070d400000|  0%| F|  |TAMS 0x000000070d200000| PB 0x000000070d200000| Untracked 
|  74|0x000000070d400000, 0x000000070d400000, 0x000000070d600000|  0%| F|  |TAMS 0x000000070d400000| PB 0x000000070d400000| Untracked 
|  75|0x000000070d600000, 0x000000070d600000, 0x000000070d800000|  0%| F|  |TAMS 0x000000070d600000| PB 0x000000070d600000| Untracked 
|  76|0x000000070d800000, 0x000000070d800000, 0x000000070da00000|  0%| F|  |TAMS 0x000000070d800000| PB 0x000000070d800000| Untracked 
|  77|0x000000070da00000, 0x000000070da00000, 0x000000070dc00000|  0%| F|  |TAMS 0x000000070da00000| PB 0x000000070da00000| Untracked 
|  78|0x000000070dc00000, 0x000000070dc00000, 0x000000070de00000|  0%| F|  |TAMS 0x000000070dc00000| PB 0x000000070dc00000| Untracked 
|  79|0x000000070de00000, 0x000000070de00000, 0x000000070e000000|  0%| F|  |TAMS 0x000000070de00000| PB 0x000000070de00000| Untracked 
|  80|0x000000070e000000, 0x000000070e000000, 0x000000070e200000|  0%| F|  |TAMS 0x000000070e000000| PB 0x000000070e000000| Untracked 
|  81|0x000000070e200000, 0x000000070e200000, 0x000000070e400000|  0%| F|  |TAMS 0x000000070e200000| PB 0x000000070e200000| Untracked 
|  82|0x000000070e400000, 0x000000070e400000, 0x000000070e600000|  0%| F|  |TAMS 0x000000070e400000| PB 0x000000070e400000| Untracked 
|  83|0x000000070e600000, 0x000000070e600000, 0x000000070e800000|  0%| F|  |TAMS 0x000000070e600000| PB 0x000000070e600000| Untracked 
|  84|0x000000070e800000, 0x000000070e800000, 0x000000070ea00000|  0%| F|  |TAMS 0x000000070e800000| PB 0x000000070e800000| Untracked 
|  85|0x000000070ea00000, 0x000000070ea00000, 0x000000070ec00000|  0%| F|  |TAMS 0x000000070ea00000| PB 0x000000070ea00000| Untracked 
|  86|0x000000070ec00000, 0x000000070ec00000, 0x000000070ee00000|  0%| F|  |TAMS 0x000000070ec00000| PB 0x000000070ec00000| Untracked 
|  87|0x000000070ee00000, 0x000000070ee00000, 0x000000070f000000|  0%| F|  |TAMS 0x000000070ee00000| PB 0x000000070ee00000| Untracked 
|  88|0x000000070f000000, 0x000000070f000000, 0x000000070f200000|  0%| F|  |TAMS 0x000000070f000000| PB 0x000000070f000000| Untracked 
|  89|0x000000070f200000, 0x000000070f200000, 0x000000070f400000|  0%| F|  |TAMS 0x000000070f200000| PB 0x000000070f200000| Untracked 
|  90|0x000000070f400000, 0x000000070f400000, 0x000000070f600000|  0%| F|  |TAMS 0x000000070f400000| PB 0x000000070f400000| Untracked 
|  91|0x000000070f600000, 0x000000070f600000, 0x000000070f800000|  0%| F|  |TAMS 0x000000070f600000| PB 0x000000070f600000| Untracked 
|  92|0x000000070f800000, 0x000000070f800000, 0x000000070fa00000|  0%| F|  |TAMS 0x000000070f800000| PB 0x000000070f800000| Untracked 
|  93|0x000000070fa00000, 0x000000070fa00000, 0x000000070fc00000|  0%| F|  |TAMS 0x000000070fa00000| PB 0x000000070fa00000| Untracked 
|  94|0x000000070fc00000, 0x000000070fc00000, 0x000000070fe00000|  0%| F|  |TAMS 0x000000070fc00000| PB 0x000000070fc00000| Untracked 
|  95|0x000000070fe00000, 0x000000070fe00000, 0x0000000710000000|  0%| F|  |TAMS 0x000000070fe00000| PB 0x000000070fe00000| Untracked 
|  96|0x0000000710000000, 0x0000000710000000, 0x0000000710200000|  0%| F|  |TAMS 0x0000000710000000| PB 0x0000000710000000| Untracked 
|  97|0x0000000710200000, 0x0000000710200000, 0x0000000710400000|  0%| F|  |TAMS 0x0000000710200000| PB 0x0000000710200000| Untracked 
|  98|0x0000000710400000, 0x0000000710400000, 0x0000000710600000|  0%| F|  |TAMS 0x0000000710400000| PB 0x0000000710400000| Untracked 
|  99|0x0000000710600000, 0x0000000710600000, 0x0000000710800000|  0%| F|  |TAMS 0x0000000710600000| PB 0x0000000710600000| Untracked 
| 100|0x0000000710800000, 0x0000000710800000, 0x0000000710a00000|  0%| F|  |TAMS 0x0000000710800000| PB 0x0000000710800000| Untracked 
| 101|0x0000000710a00000, 0x0000000710a00000, 0x0000000710c00000|  0%| F|  |TAMS 0x0000000710a00000| PB 0x0000000710a00000| Untracked 
| 102|0x0000000710c00000, 0x0000000710c00000, 0x0000000710e00000|  0%| F|  |TAMS 0x0000000710c00000| PB 0x0000000710c00000| Untracked 
| 103|0x0000000710e00000, 0x0000000710e00000, 0x0000000711000000|  0%| F|  |TAMS 0x0000000710e00000| PB 0x0000000710e00000| Untracked 
| 104|0x0000000711000000, 0x0000000711000000, 0x0000000711200000|  0%| F|  |TAMS 0x0000000711000000| PB 0x0000000711000000| Untracked 
| 105|0x0000000711200000, 0x0000000711200000, 0x0000000711400000|  0%| F|  |TAMS 0x0000000711200000| PB 0x0000000711200000| Untracked 
| 106|0x0000000711400000, 0x0000000711400000, 0x0000000711600000|  0%| F|  |TAMS 0x0000000711400000| PB 0x0000000711400000| Untracked 
| 107|0x0000000711600000, 0x0000000711600000, 0x0000000711800000|  0%| F|  |TAMS 0x0000000711600000| PB 0x0000000711600000| Untracked 
| 108|0x0000000711800000, 0x0000000711800000, 0x0000000711a00000|  0%| F|  |TAMS 0x0000000711800000| PB 0x0000000711800000| Untracked 
| 109|0x0000000711a00000, 0x0000000711a00000, 0x0000000711c00000|  0%| F|  |TAMS 0x0000000711a00000| PB 0x0000000711a00000| Untracked 
| 110|0x0000000711c00000, 0x0000000711c00000, 0x0000000711e00000|  0%| F|  |TAMS 0x0000000711c00000| PB 0x0000000711c00000| Untracked 
| 111|0x0000000711e00000, 0x0000000711e00000, 0x0000000712000000|  0%| F|  |TAMS 0x0000000711e00000| PB 0x0000000711e00000| Untracked 
| 112|0x0000000712000000, 0x0000000712000000, 0x0000000712200000|  0%| F|  |TAMS 0x0000000712000000| PB 0x0000000712000000| Untracked 
| 113|0x0000000712200000, 0x0000000712200000, 0x0000000712400000|  0%| F|  |TAMS 0x0000000712200000| PB 0x0000000712200000| Untracked 
| 114|0x0000000712400000, 0x0000000712400000, 0x0000000712600000|  0%| F|  |TAMS 0x0000000712400000| PB 0x0000000712400000| Untracked 
| 115|0x0000000712600000, 0x0000000712600000, 0x0000000712800000|  0%| F|  |TAMS 0x0000000712600000| PB 0x0000000712600000| Untracked 
| 116|0x0000000712800000, 0x0000000712800000, 0x0000000712a00000|  0%| F|  |TAMS 0x0000000712800000| PB 0x0000000712800000| Untracked 
| 117|0x0000000712a00000, 0x0000000712a70a70, 0x0000000712c00000| 22%| E|  |TAMS 0x0000000712a00000| PB 0x0000000712a00000| Complete 
| 118|0x0000000712c00000, 0x0000000712e00000, 0x0000000712e00000|100%| E|CS|TAMS 0x0000000712c00000| PB 0x0000000712c00000| Complete 
| 119|0x0000000712e00000, 0x0000000713000000, 0x0000000713000000|100%| E|CS|TAMS 0x0000000712e00000| PB 0x0000000712e00000| Complete 
| 120|0x0000000713000000, 0x0000000713200000, 0x0000000713200000|100%| E|CS|TAMS 0x0000000713000000| PB 0x0000000713000000| Complete 
| 121|0x0000000713200000, 0x0000000713400000, 0x0000000713400000|100%| E|CS|TAMS 0x0000000713200000| PB 0x0000000713200000| Complete 
| 122|0x0000000713400000, 0x0000000713600000, 0x0000000713600000|100%| E|CS|TAMS 0x0000000713400000| PB 0x0000000713400000| Complete 
| 123|0x0000000713600000, 0x0000000713800000, 0x0000000713800000|100%| E|CS|TAMS 0x0000000713600000| PB 0x0000000713600000| Complete 
| 124|0x0000000713800000, 0x0000000713a00000, 0x0000000713a00000|100%| E|CS|TAMS 0x0000000713800000| PB 0x0000000713800000| Complete 
| 125|0x0000000713a00000, 0x0000000713c00000, 0x0000000713c00000|100%| E|CS|TAMS 0x0000000713a00000| PB 0x0000000713a00000| Complete 

Card table byte_map: [0x000002212fa30000,0x0000022130210000] _byte_map_base: 0x000002212c210000

Marking Bits: (CMBitMap*) 0x000002211cc0e080
 Bits: [0x0000022130210000, 0x0000022134110000)

Polling page: 0x000002211c370000

Metaspace:

Usage:
  Non-class:     14.99 MB used.
      Class:      1.80 MB used.
       Both:     16.79 MB used.

Virtual space:
  Non-class space:       64.00 MB reserved,      15.12 MB ( 24%) committed,  1 nodes.
      Class space:        1.00 GB reserved,       1.88 MB ( <1%) committed,  1 nodes.
             Both:        1.06 GB reserved,      17.00 MB (  2%) committed. 

Chunk freelists:
   Non-Class:  652.00 KB
       Class:  14.13 MB
        Both:  14.76 MB

MaxMetaspaceSize: unlimited
CompressedClassSpaceSize: 1.00 GB
Initial GC threshold: 21.00 MB
Current GC threshold: 21.00 MB
CDS: off
 - commit_granule_bytes: 65536.
 - commit_granule_words: 8192.
 - virtual_space_node_default_size: 8388608.
 - enlarge_chunks_in_place: 1.
 - use_allocation_guard: 0.


Internal statistics:

num_allocs_failed_limit: 0.
num_arena_births: 268.
num_arena_deaths: 0.
num_vsnodes_births: 2.
num_vsnodes_deaths: 0.
num_space_committed: 272.
num_space_uncommitted: 0.
num_chunks_returned_to_freelist: 0.
num_chunks_taken_from_freelist: 479.
num_chunk_merges: 0.
num_chunk_splits: 264.
num_chunks_enlarged: 123.
num_inconsistent_stats: 0.

CodeHeap 'non-profiled nmethods': size=120000Kb used=424Kb max_used=424Kb free=119576Kb
 bounds [0x00000221277d0000, 0x0000022127a40000, 0x000002212ed00000]
CodeHeap 'profiled nmethods': size=120000Kb used=1882Kb max_used=1882Kb free=118117Kb
 bounds [0x000002211fd00000, 0x000002211ff70000, 0x0000022127230000]
CodeHeap 'non-nmethods': size=5760Kb used=1562Kb max_used=1577Kb free=4197Kb
 bounds [0x0000022127230000, 0x00000221274a0000, 0x00000221277d0000]
 total_blobs=1701 nmethods=1184 adapters=422
 compilation: enabled
              stopped_count=0, restarted_count=0
 full_count=0

Compilation events (20 events):
Event: 0.424 Thread 0x000002213b09e2d0 1164   !   3       jdk.internal.misc.ScopedMemoryAccess::copyMemoryInternal (56 bytes)
Event: 0.424 Thread 0x000002213b09e2d0 nmethod 1164 0x000002211fed4410 code [0x000002211fed4600, 0x000002211fed4b38]
Event: 0.424 Thread 0x000002213b09e2d0 1167       1       java.util.concurrent.atomic.AtomicInteger::get (5 bytes)
Event: 0.424 Thread 0x000002213b09e2d0 nmethod 1167 0x0000022127836490 code [0x0000022127836620, 0x00000221278366e8]
Event: 0.424 Thread 0x000002213b09e2d0 1168       3       java.nio.ByteBuffer::hasArray (20 bytes)
Event: 0.425 Thread 0x000002213b09e2d0 nmethod 1168 0x000002211fed4e90 code [0x000002211fed5040, 0x000002211fed51d8]
Event: 0.425 Thread 0x000002213b09e2d0 1169       1       sun.security.provider.DigestBase::engineGetDigestLength (5 bytes)
Event: 0.425 Thread 0x000002213b09e2d0 nmethod 1169 0x0000022127836790 code [0x0000022127836920, 0x00000221278369e8]
Event: 0.426 Thread 0x000002213b09e2d0 1170       3       com.sun.crypto.provider.GHASH::blockMult (245 bytes)
Event: 0.426 Thread 0x000002213b09e2d0 nmethod 1170 0x000002211fed5290 code [0x000002211fed5460, 0x000002211fed5890]
Event: 0.426 Thread 0x000002213b09e2d0 1172       3       java.lang.Long::reverseBytes (46 bytes)
Event: 0.426 Thread 0x000002213b09e2d0 nmethod 1172 0x000002211fed5b10 code [0x000002211fed5ca0, 0x000002211fed5df8]
Event: 0.426 Thread 0x000002213b09e2d0 1171       3       java.lang.invoke.VarHandleByteArrayAsLongs$ArrayHandle::index (13 bytes)
Event: 0.426 Thread 0x000002213b09e2d0 nmethod 1171 0x000002211fed5e90 code [0x000002211fed6040, 0x000002211fed6188]
Event: 0.427 Thread 0x000002213b630250 1173       4       jdk.internal.util.StrongReferenceKey::hashCode (8 bytes)
Event: 0.427 Thread 0x000002213b09e2d0 1174       3       java.nio.Buffer::hasRemaining (17 bytes)
Event: 0.427 Thread 0x000002213b09e2d0 nmethod 1174 0x000002211fed6290 code [0x000002211fed6420, 0x000002211fed6588]
Event: 0.427 Thread 0x000002213b09e2d0 1175       3       jdk.internal.net.http.Http1HeaderParser::get (10 bytes)
Event: 0.427 Thread 0x000002213b09e2d0 nmethod 1175 0x000002211fed6610 code [0x000002211fed67c0, 0x000002211fed69a0]
Event: 0.427 Thread 0x000002213b09e2d0 1176       3       java.nio.MappedByteBuffer::limit (6 bytes)

GC Heap History (0 events):
No events

Dll operation events (2 events):
Event: 0.004 Loaded shared library D:\Irina\Astudio\jbr\bin\java.dll
Event: 0.021 Loaded shared library D:\Irina\Astudio\jbr\bin\zip.dll

Deoptimization events (20 events):
Event: 0.391 Thread 0x000002213b8d0040 Uncommon trap: trap_request=0xffffffde fr.pc=0x0000022127828284 relative=0x00000000000001c4
Event: 0.391 Thread 0x000002213b8d0040 Uncommon trap: reason=class_check action=maybe_recompile pc=0x0000022127828284 method=sun.security.util.math.intpoly.IntegerPolynomial.multByInt([JJ)V @ 26 c2
Event: 0.391 Thread 0x000002213b8d0040 DEOPT PACKING pc=0x0000022127828284 sp=0x000000476c8fe370
Event: 0.391 Thread 0x000002213b8d0040 DEOPT UNPACKING pc=0x0000022127287da2 sp=0x000000476c8fe340 mode 2
Event: 0.391 Thread 0x000002213b8d0040 Uncommon trap: trap_request=0xffffffde fr.pc=0x0000022127828284 relative=0x00000000000001c4
Event: 0.391 Thread 0x000002213b8d0040 Uncommon trap: reason=class_check action=maybe_recompile pc=0x0000022127828284 method=sun.security.util.math.intpoly.IntegerPolynomial.multByInt([JJ)V @ 26 c2
Event: 0.391 Thread 0x000002213b8d0040 DEOPT PACKING pc=0x0000022127828284 sp=0x000000476c8fe370
Event: 0.391 Thread 0x000002213b8d0040 DEOPT UNPACKING pc=0x0000022127287da2 sp=0x000000476c8fe340 mode 2
Event: 0.391 Thread 0x000002213b8d0040 Uncommon trap: trap_request=0xffffffde fr.pc=0x0000022127828284 relative=0x00000000000001c4
Event: 0.391 Thread 0x000002213b8d0040 Uncommon trap: reason=class_check action=maybe_recompile pc=0x0000022127828284 method=sun.security.util.math.intpoly.IntegerPolynomial.multByInt([JJ)V @ 26 c2
Event: 0.391 Thread 0x000002213b8d0040 DEOPT PACKING pc=0x0000022127828284 sp=0x000000476c8fe370
Event: 0.391 Thread 0x000002213b8d0040 DEOPT UNPACKING pc=0x0000022127287da2 sp=0x000000476c8fe340 mode 2
Event: 0.391 Thread 0x000002213b8d0040 Uncommon trap: trap_request=0xffffffde fr.pc=0x0000022127828284 relative=0x00000000000001c4
Event: 0.391 Thread 0x000002213b8d0040 Uncommon trap: reason=class_check action=maybe_recompile pc=0x0000022127828284 method=sun.security.util.math.intpoly.IntegerPolynomial.multByInt([JJ)V @ 26 c2
Event: 0.391 Thread 0x000002213b8d0040 DEOPT PACKING pc=0x0000022127828284 sp=0x000000476c8fe370
Event: 0.391 Thread 0x000002213b8d0040 DEOPT UNPACKING pc=0x0000022127287da2 sp=0x000000476c8fe340 mode 2
Event: 0.425 Thread 0x000002213b8d0040 Uncommon trap: trap_request=0xffffff45 fr.pc=0x0000022127833bf4 relative=0x0000000000000934
Event: 0.425 Thread 0x000002213b8d0040 Uncommon trap: reason=unstable_if action=reinterpret pc=0x0000022127833bf4 method=java.util.HashMap.putVal(ILjava/lang/Object;Ljava/lang/Object;ZZ)Ljava/lang/Object; @ 81 c2
Event: 0.425 Thread 0x000002213b8d0040 DEOPT PACKING pc=0x0000022127833bf4 sp=0x000000476c8fe6f0
Event: 0.425 Thread 0x000002213b8d0040 DEOPT UNPACKING pc=0x0000022127287da2 sp=0x000000476c8fe680 mode 2

Classes loaded (20 events):
Event: 0.408 Loading class com/sun/crypto/provider/GaloisCounterMode$GCMEncrypt
Event: 0.408 Loading class com/sun/crypto/provider/GaloisCounterMode$GCMEncrypt done
Event: 0.408 Loading class com/sun/crypto/provider/GaloisCounterMode$EncryptOp
Event: 0.408 Loading class com/sun/crypto/provider/GaloisCounterMode$EncryptOp done
Event: 0.408 Loading class sun/security/ssl/CipherSuite$1
Event: 0.408 Loading class sun/security/ssl/CipherSuite$1 done
Event: 0.409 Loading class java/util/concurrent/CompletionException
Event: 0.409 Loading class java/util/concurrent/CompletionException done
Event: 0.420 Loading class java/util/Collections$UnmodifiableMap$UnmodifiableEntrySet
Event: 0.420 Loading class java/util/Collections$UnmodifiableMap$UnmodifiableEntrySet done
Event: 0.420 Loading class java/util/Collections$UnmodifiableMap$UnmodifiableEntrySet$1
Event: 0.420 Loading class java/util/Collections$UnmodifiableMap$UnmodifiableEntrySet$1 done
Event: 0.420 Loading class java/util/Collections$UnmodifiableMap$UnmodifiableEntrySet$UnmodifiableEntry
Event: 0.420 Loading class java/util/Collections$UnmodifiableMap$UnmodifiableEntrySet$UnmodifiableEntry done
Event: 0.424 Loading class sun/security/ssl/NewSessionTicket$T13NewSessionTicketMessage
Event: 0.425 Loading class sun/security/ssl/NewSessionTicket$NewSessionTicketMessage
Event: 0.425 Loading class sun/security/ssl/NewSessionTicket$NewSessionTicketMessage done
Event: 0.425 Loading class sun/security/ssl/NewSessionTicket$T13NewSessionTicketMessage done
Event: 0.428 Loading class java/util/ArrayList$ListItr
Event: 0.428 Loading class java/util/ArrayList$ListItr done

Classes unloaded (0 events):
No events

Classes redefined (0 events):
No events

Internal exceptions (20 events):
Event: 0.224 Thread 0x000002211cbaf550 Exception <a 'java/lang/NoSuchMethodError'{0x0000000713488e68}: 'int java.lang.invoke.DirectMethodHandle$Holder.invokeStaticInit(java.lang.Object, long, long)'> (0x0000000713488e68) 
thrown [s\src\hotspot\share\interpreter\linkResolver.cpp, line 784]
Event: 0.225 Thread 0x000002211cbaf550 Exception <a 'java/lang/NoSuchMethodError'{0x000000071348f900}: 'int java.lang.invoke.DirectMethodHandle$Holder.invokeStaticInit(java.lang.Object, float, float)'> (0x000000071348f900) 
thrown [s\src\hotspot\share\interpreter\linkResolver.cpp, line 784]
Event: 0.225 Thread 0x000002211cbaf550 Exception <a 'java/lang/NoSuchMethodError'{0x0000000713496390}: 'int java.lang.invoke.DirectMethodHandle$Holder.invokeStaticInit(java.lang.Object, double, double)'> (0x0000000713496390) 
thrown [s\src\hotspot\share\interpreter\linkResolver.cpp, line 784]
Event: 0.225 Thread 0x000002211cbaf550 Exception <a 'java/lang/NoSuchMethodError'{0x000000071349aa18}: 'int java.lang.invoke.DirectMethodHandle$Holder.invokeStatic(java.lang.Object, long)'> (0x000000071349aa18) 
thrown [s\src\hotspot\share\interpreter\linkResolver.cpp, line 784]
Event: 0.228 Thread 0x000002211cbaf550 Exception <a 'java/lang/NoSuchMethodError'{0x00000007134c7920}: 'java.lang.Object java.lang.invoke.DelegatingMethodHandle$Holder.delegate(java.lang.Object, int, java.lang.Object, java.lang.Object)'> (0x00000007134c7920) 
thrown [s\src\hotspot\share\interpreter\linkResolver.cpp, line 784]
Event: 0.229 Thread 0x000002211cbaf550 Exception <a 'java/lang/NoSuchMethodError'{0x00000007134d6c40}: 'int java.lang.invoke.Invokers$Holder.linkToTargetMethod(java.lang.Object, java.lang.Object, java.lang.Object)'> (0x00000007134d6c40) 
thrown [s\src\hotspot\share\interpreter\linkResolver.cpp, line 784]
Event: 0.231 Thread 0x000002211cbaf550 Exception <a 'java/lang/NoSuchMethodError'{0x0000000713505ee0}: 'long java.lang.invoke.DirectMethodHandle$Holder.invokeSpecial(java.lang.Object, java.lang.Object)'> (0x0000000713505ee0) 
thrown [s\src\hotspot\share\interpreter\linkResolver.cpp, line 784]
Event: 0.232 Thread 0x000002211cbaf550 Exception <a 'java/lang/NoSuchMethodError'{0x000000071350c7b0}: 'int java.lang.invoke.DirectMethodHandle$Holder.invokeStatic(java.lang.Object, java.lang.Object, java.lang.Object, java.lang.Object)'> (0x000000071350c7b0) 
thrown [s\src\hotspot\share\interpreter\linkResolver.cpp, line 784]
Event: 0.232 Thread 0x000002211cbaf550 Exception <a 'java/lang/NoSuchMethodError'{0x000000071350fbd0}: 'java.lang.Object java.lang.invoke.Invokers$Holder.invokeExact_MT(java.lang.Object, java.lang.Object, java.lang.Object, java.lang.Object, java.lang.Object, java.lang.Object)'> (0x000000071350fbd0) 
thrown [s\src\hotspot\share\interpreter\linkResolver.cpp, line 784]
Event: 0.279 Thread 0x000002211cbaf550 Exception <a 'java/lang/NoSuchMethodError'{0x0000000713361030}: 'java.lang.Object java.lang.invoke.DirectMethodHandle$Holder.newInvokeSpecial(java.lang.Object, java.lang.Object, java.lang.Object, java.lang.Object, java.lang.Object)'> (0x0000000713361030) 
thrown [s\src\hotspot\share\interpreter\linkResolver.cpp, line 784]
Event: 0.296 Thread 0x000002211cbaf550 Exception <a 'java/lang/NoSuchMethodError'{0x00000007130bdc00}: 'java.lang.Object java.lang.invoke.DirectMethodHandle$Holder.invokeSpecial(java.lang.Object, java.lang.Object, java.lang.Object, java.lang.Object, int)'> (0x00000007130bdc00) 
thrown [s\src\hotspot\share\interpreter\linkResolver.cpp, line 784]
Event: 0.296 Thread 0x000002211cbaf550 Exception <a 'java/lang/NoSuchMethodError'{0x00000007130c1568}: 'java.lang.Object java.lang.invoke.Invokers$Holder.linkToTargetMethod(java.lang.Object, java.lang.Object, int, java.lang.Object)'> (0x00000007130c1568) 
thrown [s\src\hotspot\share\interpreter\linkResolver.cpp, line 784]
Event: 0.300 Thread 0x000002211cbaf550 Exception <a 'java/lang/NoSuchMethodError'{0x00000007130ece70}: 'void java.lang.invoke.DirectMethodHandle$Holder.invokeSpecial(java.lang.Object, java.lang.Object, java.lang.Object)'> (0x00000007130ece70) 
thrown [s\src\hotspot\share\interpreter\linkResolver.cpp, line 784]
Event: 0.308 Thread 0x000002213b878160 Exception <a 'java/lang/NoSuchMethodError'{0x0000000713300738}: 'void java.lang.invoke.DirectMethodHandle$Holder.invokeStatic(java.lang.Object, java.lang.Object, int)'> (0x0000000713300738) 
thrown [s\src\hotspot\share\interpreter\linkResolver.cpp, line 784]
Event: 0.308 Thread 0x000002211cbaf550 Exception <a 'java/lang/NoSuchMethodError'{0x0000000713172d18}: 'void java.lang.invoke.DirectMethodHandle$Holder.invokeSpecial(java.lang.Object, java.lang.Object, java.lang.Object, java.lang.Object, java.lang.Object)'> (0x0000000713172d18) 
thrown [s\src\hotspot\share\interpreter\linkResolver.cpp, line 784]
Event: 0.312 Thread 0x000002213b878160 Exception <a 'java/lang/NoSuchMethodError'{0x0000000713339a98}: 'void java.lang.invoke.DirectMethodHandle$Holder.invokeStatic(java.lang.Object, java.lang.Object)'> (0x0000000713339a98) 
thrown [s\src\hotspot\share\interpreter\linkResolver.cpp, line 784]
Event: 0.313 Thread 0x000002213b8d0040 Exception <a 'java/lang/NoSuchMethodError'{0x00000007131e3b90}: 'void java.lang.invoke.DirectMethodHandle$Holder.invokeInterface(java.lang.Object, java.lang.Object, java.lang.Object)'> (0x00000007131e3b90) 
thrown [s\src\hotspot\share\interpreter\linkResolver.cpp, line 784]
Event: 0.317 Thread 0x000002213b8d0040 Exception <a 'java/lang/NoSuchMethodError'{0x0000000712e29ad0}: 'void java.lang.invoke.DirectMethodHandle$Holder.invokeVirtual(java.lang.Object, java.lang.Object)'> (0x0000000712e29ad0) 
thrown [s\src\hotspot\share\interpreter\linkResolver.cpp, line 784]
Event: 0.387 Thread 0x000002213b8d0040 Exception <a 'java/lang/NoSuchMethodError'{0x0000000712c2c318}: 'void java.lang.invoke.DirectMethodHandle$Holder.invokeInterface(java.lang.Object, java.lang.Object)'> (0x0000000712c2c318) 
thrown [s\src\hotspot\share\interpreter\linkResolver.cpp, line 784]
Event: 0.409 Thread 0x000002213b8d0040 Exception <a 'java/lang/NoSuchMethodError'{0x0000000712c9eb00}: 'void java.lang.invoke.DirectMethodHandle$Holder.invokeStatic(java.lang.Object, java.lang.Object, java.lang.Object, java.lang.Object)'> (0x0000000712c9eb00) 
thrown [s\src\hotspot\share\interpreter\linkResolver.cpp, line 784]

ZGC Phase Switch (0 events):
No events

VM Operations (8 events):
Event: 0.082 Executing VM operation: HandshakeAllThreads (Deoptimize)
Event: 0.082 Executing VM operation: HandshakeAllThreads (Deoptimize) done
Event: 0.090 Executing VM operation: HandshakeAllThreads (Deoptimize)
Event: 0.090 Executing VM operation: HandshakeAllThreads (Deoptimize) done
Event: 0.186 Executing VM operation: HandshakeAllThreads (Deoptimize)
Event: 0.187 Executing VM operation: HandshakeAllThreads (Deoptimize) done
Event: 0.418 Executing VM operation: ICBufferFull
Event: 0.419 Executing VM operation: ICBufferFull done

Memory protections (0 events):
No events

Nmethod flushes (0 events):
No events

Events (20 events):
Event: 0.021 Thread 0x000002211cbaf550 Thread added: 0x000002211cbaf550
Event: 0.049 Thread 0x000002211cbaf550 Thread added: 0x000002213b0b6ce0
Event: 0.049 Thread 0x000002211cbaf550 Thread added: 0x000002213b0b7af0
Event: 0.051 Thread 0x000002211cbaf550 Thread added: 0x000002213b0c2c40
Event: 0.051 Thread 0x000002211cbaf550 Thread added: 0x000002213b0b90a0
Event: 0.051 Thread 0x000002211cbaf550 Thread added: 0x000002213b0d39b0
Event: 0.051 Thread 0x000002211cbaf550 Thread added: 0x000002213b0d4400
Event: 0.051 Thread 0x000002211cbaf550 Thread added: 0x000002213b0d5180
Event: 0.051 Thread 0x000002211cbaf550 Thread added: 0x000002213b09e2d0
Event: 0.067 Thread 0x000002211cbaf550 Thread added: 0x000002213b264490
Event: 0.070 Thread 0x000002211cbaf550 Thread added: 0x000002213b26d330
Event: 0.074 Loaded shared library D:\Irina\Astudio\jbr\bin\net.dll
Event: 0.075 Loaded shared library D:\Irina\Astudio\jbr\bin\nio.dll
Event: 0.080 Loaded shared library D:\Irina\Astudio\jbr\bin\zip.dll
Event: 0.125 Loaded shared library D:\Irina\Astudio\jbr\bin\jimage.dll
Event: 0.194 Thread 0x000002213b0d5180 Thread added: 0x000002213b630250
Event: 0.273 Loaded shared library D:\Irina\Astudio\jbr\bin\extnet.dll
Event: 0.276 Thread 0x000002211cbaf550 Thread added: 0x000002213b878160
Event: 0.312 Thread 0x000002213b878160 Thread added: 0x000002213b8d0040
Event: 0.321 Thread 0x000002213b878160 Thread added: 0x000002213b8f4490


Dynamic libraries:
0x00007ff6d9c60000 - 0x00007ff6d9c6a000 	D:\Irina\Astudio\jbr\bin\java.exe
0x00007ff89f510000 - 0x00007ff89f727000 	C:\WINDOWS\SYSTEM32\ntdll.dll
0x00007ff89dad0000 - 0x00007ff89db94000 	C:\WINDOWS\System32\KERNEL32.DLL
0x00007ff89c600000 - 0x00007ff89c9d3000 	C:\WINDOWS\System32\KERNELBASE.dll
0x00007ff89cb70000 - 0x00007ff89cc81000 	C:\WINDOWS\System32\ucrtbase.dll
0x00007ff87ae90000 - 0x00007ff87aeab000 	D:\Irina\Astudio\jbr\bin\VCRUNTIME140.dll
0x00007ff887410000 - 0x00007ff887428000 	D:\Irina\Astudio\jbr\bin\jli.dll
0x00007ff89e970000 - 0x00007ff89eb21000 	C:\WINDOWS\System32\USER32.dll
0x00007ff8897f0000 - 0x00007ff889a8b000 	C:\WINDOWS\WinSxS\amd64_microsoft.windows.common-controls_6595b64144ccf1df_6.0.22621.5262_none_2712bde373830908\COMCTL32.dll
0x00007ff89cc90000 - 0x00007ff89ccb6000 	C:\WINDOWS\System32\win32u.dll
0x00007ff89df20000 - 0x00007ff89dfc7000 	C:\WINDOWS\System32\msvcrt.dll
0x00007ff89d310000 - 0x00007ff89d339000 	C:\WINDOWS\System32\GDI32.dll
0x00007ff89cf30000 - 0x00007ff89d052000 	C:\WINDOWS\System32\gdi32full.dll
0x00007ff89ca10000 - 0x00007ff89caaa000 	C:\WINDOWS\System32\msvcp_win.dll
0x00007ff89d510000 - 0x00007ff89d541000 	C:\WINDOWS\System32\IMM32.DLL
0x00007ff88df80000 - 0x00007ff88df8c000 	D:\Irina\Astudio\jbr\bin\vcruntime140_1.dll
0x00007ff8869d0000 - 0x00007ff886a5d000 	D:\Irina\Astudio\jbr\bin\msvcp140.dll
0x00007ff846f90000 - 0x00007ff847c1a000 	D:\Irina\Astudio\jbr\bin\server\jvm.dll
0x00007ff89d1a0000 - 0x00007ff89d251000 	C:\WINDOWS\System32\ADVAPI32.dll
0x00007ff89da20000 - 0x00007ff89dac7000 	C:\WINDOWS\System32\sechost.dll
0x00007ff89c9e0000 - 0x00007ff89ca08000 	C:\WINDOWS\System32\bcrypt.dll
0x00007ff89dba0000 - 0x00007ff89dcb4000 	C:\WINDOWS\System32\RPCRT4.dll
0x00007ff89de10000 - 0x00007ff89de81000 	C:\WINDOWS\System32\WS2_32.dll
0x00007ff89b490000 - 0x00007ff89b4dd000 	C:\WINDOWS\SYSTEM32\POWRPROF.dll
0x00007ff895180000 - 0x00007ff8951b4000 	C:\WINDOWS\SYSTEM32\WINMM.dll
0x00007ff8927d0000 - 0x00007ff8927da000 	C:\WINDOWS\SYSTEM32\VERSION.dll
0x00007ff89b470000 - 0x00007ff89b483000 	C:\WINDOWS\SYSTEM32\UMPDC.dll
0x00007ff89b730000 - 0x00007ff89b748000 	C:\WINDOWS\SYSTEM32\kernel.appcore.dll
0x00007ff888f40000 - 0x00007ff888f4a000 	D:\Irina\Astudio\jbr\bin\jimage.dll
0x00007ff89a010000 - 0x00007ff89a242000 	C:\WINDOWS\SYSTEM32\DBGHELP.DLL
0x00007ff89d670000 - 0x00007ff89da03000 	C:\WINDOWS\System32\combase.dll
0x00007ff89dcd0000 - 0x00007ff89dda7000 	C:\WINDOWS\System32\OLEAUT32.dll
0x00007ff88df40000 - 0x00007ff88df72000 	C:\WINDOWS\SYSTEM32\dbgcore.DLL
0x00007ff89ceb0000 - 0x00007ff89cf2b000 	C:\WINDOWS\System32\bcryptPrimitives.dll
0x00007ff8707c0000 - 0x00007ff8707e0000 	D:\Irina\Astudio\jbr\bin\java.dll
0x00007ff8707a0000 - 0x00007ff8707b8000 	D:\Irina\Astudio\jbr\bin\zip.dll
0x00007ff89e0d0000 - 0x00007ff89e96d000 	C:\WINDOWS\System32\SHELL32.dll
0x00007ff89d060000 - 0x00007ff89d19f000 	C:\WINDOWS\System32\wintypes.dll
0x00007ff89a510000 - 0x00007ff89ae2d000 	C:\WINDOWS\SYSTEM32\windows.storage.dll
0x00007ff89ec30000 - 0x00007ff89ed3b000 	C:\WINDOWS\System32\SHCORE.dll
0x00007ff89deb0000 - 0x00007ff89df16000 	C:\WINDOWS\System32\shlwapi.dll
0x00007ff89c530000 - 0x00007ff89c55b000 	C:\WINDOWS\SYSTEM32\profapi.dll
0x00007ff886c80000 - 0x00007ff886c90000 	D:\Irina\Astudio\jbr\bin\net.dll
0x00007ff8966b0000 - 0x00007ff8967dc000 	C:\WINDOWS\SYSTEM32\WINHTTP.dll
0x00007ff89bbb0000 - 0x00007ff89bc1a000 	C:\WINDOWS\system32\mswsock.dll
0x00007ff870780000 - 0x00007ff870796000 	D:\Irina\Astudio\jbr\bin\nio.dll
0x00007ff89be10000 - 0x00007ff89be2b000 	C:\WINDOWS\SYSTEM32\CRYPTSP.dll
0x00007ff89b690000 - 0x00007ff89b6c7000 	C:\WINDOWS\system32\rsaenh.dll
0x00007ff89bca0000 - 0x00007ff89bcc8000 	C:\WINDOWS\SYSTEM32\USERENV.dll
0x00007ff89be00000 - 0x00007ff89be0c000 	C:\WINDOWS\SYSTEM32\CRYPTBASE.dll
0x00007ff89b1a0000 - 0x00007ff89b1cd000 	C:\WINDOWS\SYSTEM32\IPHLPAPI.DLL
0x00007ff89dcc0000 - 0x00007ff89dcc9000 	C:\WINDOWS\System32\NSI.dll
0x00007ff82f6b0000 - 0x00007ff82f6b8000 	C:\WINDOWS\system32\wshunix.dll
0x00007ff886ba0000 - 0x00007ff886ba9000 	D:\Irina\Astudio\jbr\bin\extnet.dll

dbghelp: loaded successfully - version: 4.0.5 - missing functions: none
symbol engine: initialized successfully - sym options: 0x614 - pdb path: .;D:\Irina\Astudio\jbr\bin;C:\WINDOWS\SYSTEM32;C:\WINDOWS\WinSxS\amd64_microsoft.windows.common-controls_6595b64144ccf1df_6.0.22621.5262_none_2712bde373830908;D:\Irina\Astudio\jbr\bin\server

VM Arguments:
java_command: git4idea.http.GitAskPassApp Password for 'https://YurinaQA@github.com': 
java_class_path (initial): D:/Irina/Astudio/plugins/vcs-git/lib/git4idea-rt.jar;D:/Irina/Astudio/lib/externalProcess-rt.jar
Launcher Type: SUN_STANDARD

[Global flags]
     intx CICompilerCount                          = 4                                         {product} {ergonomic}
     uint ConcGCThreads                            = 3                                         {product} {ergonomic}
     uint G1ConcRefinementThreads                  = 10                                        {product} {ergonomic}
   size_t G1HeapRegionSize                         = 2097152                                   {product} {ergonomic}
    uintx GCDrainStackTargetSize                   = 64                                        {product} {ergonomic}
   size_t InitialHeapSize                          = 264241152                                 {product} {ergonomic}
   size_t MarkStackSize                            = 4194304                                   {product} {ergonomic}
   size_t MaxHeapSize                              = 4227858432                                {product} {ergonomic}
   size_t MaxNewSize                               = 2535456768                                {product} {ergonomic}
   size_t MinHeapDeltaBytes                        = 2097152                                   {product} {ergonomic}
   size_t MinHeapSize                              = 8388608                                   {product} {ergonomic}
    uintx NonNMethodCodeHeapSize                   = 5839372                                {pd product} {ergonomic}
    uintx NonProfiledCodeHeapSize                  = 122909434                              {pd product} {ergonomic}
    uintx ProfiledCodeHeapSize                     = 122909434                              {pd product} {ergonomic}
    uintx ReservedCodeCacheSize                    = 251658240                              {pd product} {ergonomic}
     bool SegmentedCodeCache                       = true                                      {product} {ergonomic}
   size_t SoftMaxHeapSize                          = 4227858432                             {manageable} {ergonomic}
     bool UseCompressedOops                        = true                           {product lp64_product} {ergonomic}
     bool UseG1GC                                  = true                                      {product} {ergonomic}
     bool UseLargePagesIndividualAllocation        = false                                  {pd product} {ergonomic}

Logging:
Log output configuration:
 #0: stdout all=warning uptime,level,tags foldmultilines=false
 #1: stderr all=off uptime,level,tags foldmultilines=false

Environment Variables:
JAVA_HOME=D:\Irina\Astudio\jbr
PATH=C:/Program Files/Git/mingw64/libexec/git-core;C:/Program Files/Git/mingw64/libexec/git-core;C:\Program Files\Git\mingw64\bin;C:\Program Files\Git\usr\bin;C:\Users\79000\bin;C:\Windows\system32;%JAVA_HOME%\bin;D:\Irina\Astudio\jbr\bin;C:\Windows;C:\Windows\System32\Wbem;C:\Windows\System32\WindowsPowerShell\v1.0\;C:\Windows\System32\OpenSSH\;C:\Program Files (x86)\NVIDIA Corporation\PhysX\Common;C:\Program Files\NVIDIA Corporation\NVIDIA NvDLISR;C:\WINDOWS\system32;C:\WINDOWS;C:\WINDOWS\System32\Wbem;C:\WINDOWS\System32\WindowsPowerShell\v1.0\;C:\WINDOWS\System32\OpenSSH\;C:\Program Files\Git\cmd;C:\Users\79000\AppData\Local\Microsoft\WindowsApps;C:\Users\79000\AppData\Local\Programs\Microsoft VS Code\bin;"C:\Users\79000\AppData\Local\Android\Sdk\tools\bin;";"C:\Users\79000\AppData\Local\Android\Sdk\tools;";C:\Users\79000\AppData\Local\GitHubDesktop\bin
USERNAME=79000
DISPLAY=:0.0
LC_ALL=en_US.UTF-8
TERM=xterm-256color
TMPDIR=C:\Users\79000\AppData\Local\Temp
OS=Windows_NT
PROCESSOR_IDENTIFIER=Intel64 Family 6 Model 141 Stepping 1, GenuineIntel
TMP=C:\Users\79000\AppData\Local\Temp
TEMP=C:\Users\79000\AppData\Local\Temp




Periodic native trim disabled

JNI global refs:
JNI global refs: 21, weak refs: 0

JNI global refs memory usage: 835, weak refs: 833

Process memory usage:
Resident Set Size: 86980K (0% of 16509792K total physical memory with 480264K free physical memory)

OOME stack traces (most recent first):
Classloader memory used:
Loader bootstrap                                                                       : 15274K
Loader jdk.internal.loader.ClassLoaders$PlatformClassLoader                            : 1900K
Loader jdk.internal.loader.ClassLoaders$AppClassLoader                                 : 20416B

---------------  S Y S T E M  ---------------

OS:
 Windows 11 , 64 bit Build 22621 (10.0.22621.5262)
OS uptime: 1 days 4:09 hours
Hyper-V role detected

CPU: total 12 (initial active 12) (6 cores per cpu, 2 threads per core) family 6 model 141 stepping 1 microcode 0x34, cx8, cmov, fxsr, ht, mmx, 3dnowpref, sse, sse2, sse3, ssse3, sse4.1, sse4.2, popcnt, lzcnt, tsc, tscinvbit, avx, avx2, aes, erms, clmul, bmi1, bmi2, adx, avx512f, avx512dq, avx512cd, avx512bw, avx512vl, sha, fma, vzeroupper, avx512_vpopcntdq, avx512_vpclmulqdq, avx512_vaes, avx512_vnni, clflush, clflushopt, clwb, avx512_vbmi2, avx512_vbmi, hv, rdtscp, rdpid, fsrm, gfni, avx512_bitalg, f16c, cet_ibt, cet_ss, avx512_ifma
Processor Information for all 12 processors :
  Max Mhz: 2688, Current Mhz: 2688, Mhz Limit: 2688

Memory: 4k page, system-wide physical 16122M (468M free)
TotalPageFile size 23377M (AvailPageFile size 5M)
current process WorkingSet (physical memory assigned to process): 85M, peak: 85M
current process commit charge ("private bytes"): 364M, peak: 365M

vm_info: OpenJDK 64-Bit Server VM (21.0.5+-12932927-b750.29) for windows-amd64 JRE (21.0.5+-12932927-b750.29), built on 2025-01-17T02:01:10Z by "builder" with MS VC++ 16.10 / 16.11 (VS2019)

END.
